2025-03-22 00:01:06,152 INFO [main] de log4j a logback
2025-03-22 00:01:06,563 INFO [main] HHH000204: Processing PersistenceUnitInfo [name: GestionCarteBancairePU]
2025-03-22 00:01:06,693 INFO [main] HHH000412: Hibernate ORM core version [WORKING]
2025-03-22 00:01:06,708 WARN [main] HHH90000021: Encountered deprecated setting [javax.persistence.jdbc.user], use [jakarta.persistence.jdbc.user] instead
2025-03-22 00:01:06,712 WARN [main] HHH90000021: Encountered deprecated setting [javax.persistence.jdbc.password], use [jakarta.persistence.jdbc.password] instead
2025-03-22 00:01:06,714 WARN [main] HHH90000021: Encountered deprecated setting [javax.persistence.jdbc.url], use [jakarta.persistence.jdbc.url] instead
2025-03-22 00:01:06,716 WARN [main] HHH90000021: Encountered deprecated setting [javax.persistence.jdbc.driver], use [jakarta.persistence.jdbc.driver] instead
2025-03-22 00:01:06,817 INFO [main] HHH000026: Second-level cache disabled
2025-03-22 00:01:07,315 WARN [main] HHH10001002: Using built-in connection pool (not intended for production use)
2025-03-22 00:01:08,435 WARN [main] HHH90000025: PostgreSQLDialect does not need to be specified explicitly using 'hibernate.dialect' (remove the property setting and it will be selected by default)
2025-03-22 00:01:08,493 INFO [main] HHH10001005: Database info:
	Database JDBC URL [jdbc:postgresql://localhost/GestionCarteBancaire]
	Database driver: org.postgresql.Driver
	Database version: 16.8
	Autocommit mode: false
	Isolation level: undefined/unknown
	Minimum pool size: 1
	Maximum pool size: 20
2025-03-22 00:01:12,414 INFO [main] HHH000489: No JTA platform available (set 'hibernate.transaction.jta.platform' to enable JTA platform integration)
2025-03-22 00:01:13,655 INFO [main] HHH10001501: Connection obtained from JdbcConnectionAccess [org.hibernate.engine.jdbc.env.internal.JdbcEnvironmentInitiator$ConnectionProviderJdbcConnectionAccess@4a5fab78] for (non-JTA) DDL execution was not in auto-commit mode; the Connection 'local transaction' will be committed and the Connection will be set into auto-commit mode.
2025-03-22 00:01:26,872 INFO [JavaFX Application Thread] le client avec pour login 
2025-03-22 00:01:26,875 INFO [JavaFX Application Thread] le client avec le login  Rben c'est connecté pour la première fois 
2025-03-22 00:01:31,723 ERROR [JavaFX Application Thread] erreur lors du changement de fenetre de login vers dashbordClient 
/home/mercielbeni/IdeaProjects/GesCarteBanque/target/classes/org/beni/gescartebanque/dashboardClient.fxml

2025-03-22 00:03:22,746 INFO [main] de log4j a logback
2025-03-22 00:03:23,186 INFO [main] HHH000204: Processing PersistenceUnitInfo [name: GestionCarteBancairePU]
2025-03-22 00:03:23,314 INFO [main] HHH000412: Hibernate ORM core version [WORKING]
2025-03-22 00:03:23,325 WARN [main] HHH90000021: Encountered deprecated setting [javax.persistence.jdbc.user], use [jakarta.persistence.jdbc.user] instead
2025-03-22 00:03:23,329 WARN [main] HHH90000021: Encountered deprecated setting [javax.persistence.jdbc.password], use [jakarta.persistence.jdbc.password] instead
2025-03-22 00:03:23,330 WARN [main] HHH90000021: Encountered deprecated setting [javax.persistence.jdbc.url], use [jakarta.persistence.jdbc.url] instead
2025-03-22 00:03:23,333 WARN [main] HHH90000021: Encountered deprecated setting [javax.persistence.jdbc.driver], use [jakarta.persistence.jdbc.driver] instead
2025-03-22 00:03:23,407 INFO [main] HHH000026: Second-level cache disabled
2025-03-22 00:03:23,920 WARN [main] HHH10001002: Using built-in connection pool (not intended for production use)
2025-03-22 00:03:25,190 WARN [main] HHH90000025: PostgreSQLDialect does not need to be specified explicitly using 'hibernate.dialect' (remove the property setting and it will be selected by default)
2025-03-22 00:03:25,264 INFO [main] HHH10001005: Database info:
	Database JDBC URL [jdbc:postgresql://localhost/GestionCarteBancaire]
	Database driver: org.postgresql.Driver
	Database version: 16.8
	Autocommit mode: false
	Isolation level: undefined/unknown
	Minimum pool size: 1
	Maximum pool size: 20
2025-03-22 00:03:28,833 INFO [main] HHH000489: No JTA platform available (set 'hibernate.transaction.jta.platform' to enable JTA platform integration)
2025-03-22 00:03:29,811 INFO [main] HHH10001501: Connection obtained from JdbcConnectionAccess [org.hibernate.engine.jdbc.env.internal.JdbcEnvironmentInitiator$ConnectionProviderJdbcConnectionAccess@514dc5f4] for (non-JTA) DDL execution was not in auto-commit mode; the Connection 'local transaction' will be committed and the Connection will be set into auto-commit mode.
2025-03-22 00:03:45,731 INFO [JavaFX Application Thread] le client avec pour login 
2025-03-22 00:03:45,734 INFO [JavaFX Application Thread] le client avec le login  Rben c'est connecté pour la première fois 
2025-03-22 00:03:47,649 ERROR [JavaFX Application Thread] erreur lors du changement de fenetre de login vers dashbordClient 
/home/mercielbeni/IdeaProjects/GesCarteBanque/target/classes/org/beni/gescartebanque/dashboardClient.fxml

2025-03-22 00:05:21,391 INFO [main] de log4j a logback
2025-03-22 00:05:21,807 INFO [main] HHH000204: Processing PersistenceUnitInfo [name: GestionCarteBancairePU]
2025-03-22 00:05:21,936 INFO [main] HHH000412: Hibernate ORM core version [WORKING]
2025-03-22 00:05:21,949 WARN [main] HHH90000021: Encountered deprecated setting [javax.persistence.jdbc.user], use [jakarta.persistence.jdbc.user] instead
2025-03-22 00:05:21,953 WARN [main] HHH90000021: Encountered deprecated setting [javax.persistence.jdbc.password], use [jakarta.persistence.jdbc.password] instead
2025-03-22 00:05:21,954 WARN [main] HHH90000021: Encountered deprecated setting [javax.persistence.jdbc.url], use [jakarta.persistence.jdbc.url] instead
2025-03-22 00:05:21,957 WARN [main] HHH90000021: Encountered deprecated setting [javax.persistence.jdbc.driver], use [jakarta.persistence.jdbc.driver] instead
2025-03-22 00:05:22,033 INFO [main] HHH000026: Second-level cache disabled
2025-03-22 00:05:22,559 WARN [main] HHH10001002: Using built-in connection pool (not intended for production use)
2025-03-22 00:05:23,756 WARN [main] HHH90000025: PostgreSQLDialect does not need to be specified explicitly using 'hibernate.dialect' (remove the property setting and it will be selected by default)
2025-03-22 00:05:23,822 INFO [main] HHH10001005: Database info:
	Database JDBC URL [jdbc:postgresql://localhost/GestionCarteBancaire]
	Database driver: org.postgresql.Driver
	Database version: 16.8
	Autocommit mode: false
	Isolation level: undefined/unknown
	Minimum pool size: 1
	Maximum pool size: 20
2025-03-22 00:05:27,616 INFO [main] HHH000489: No JTA platform available (set 'hibernate.transaction.jta.platform' to enable JTA platform integration)
2025-03-22 00:05:28,834 INFO [main] HHH10001501: Connection obtained from JdbcConnectionAccess [org.hibernate.engine.jdbc.env.internal.JdbcEnvironmentInitiator$ConnectionProviderJdbcConnectionAccess@514dc5f4] for (non-JTA) DDL execution was not in auto-commit mode; the Connection 'local transaction' will be committed and the Connection will be set into auto-commit mode.
2025-03-22 00:05:42,213 INFO [JavaFX Application Thread] le client avec pour login 
2025-03-22 00:05:42,216 INFO [JavaFX Application Thread] le client avec le login  Rben c'est connecté pour la première fois 
2025-03-22 00:07:43,258 INFO [main] de log4j a logback
2025-03-22 00:07:43,655 INFO [main] HHH000204: Processing PersistenceUnitInfo [name: GestionCarteBancairePU]
2025-03-22 00:07:43,799 INFO [main] HHH000412: Hibernate ORM core version [WORKING]
2025-03-22 00:07:43,819 WARN [main] HHH90000021: Encountered deprecated setting [javax.persistence.jdbc.user], use [jakarta.persistence.jdbc.user] instead
2025-03-22 00:07:43,825 WARN [main] HHH90000021: Encountered deprecated setting [javax.persistence.jdbc.password], use [jakarta.persistence.jdbc.password] instead
2025-03-22 00:07:43,826 WARN [main] HHH90000021: Encountered deprecated setting [javax.persistence.jdbc.url], use [jakarta.persistence.jdbc.url] instead
2025-03-22 00:07:43,829 WARN [main] HHH90000021: Encountered deprecated setting [javax.persistence.jdbc.driver], use [jakarta.persistence.jdbc.driver] instead
2025-03-22 00:07:43,965 INFO [main] HHH000026: Second-level cache disabled
2025-03-22 00:07:44,507 WARN [main] HHH10001002: Using built-in connection pool (not intended for production use)
2025-03-22 00:07:45,683 WARN [main] HHH90000025: PostgreSQLDialect does not need to be specified explicitly using 'hibernate.dialect' (remove the property setting and it will be selected by default)
2025-03-22 00:07:45,760 INFO [main] HHH10001005: Database info:
	Database JDBC URL [jdbc:postgresql://localhost/GestionCarteBancaire]
	Database driver: org.postgresql.Driver
	Database version: 16.8
	Autocommit mode: false
	Isolation level: undefined/unknown
	Minimum pool size: 1
	Maximum pool size: 20
2025-03-22 00:07:49,661 INFO [main] HHH000489: No JTA platform available (set 'hibernate.transaction.jta.platform' to enable JTA platform integration)
2025-03-22 00:07:50,716 INFO [main] HHH10001501: Connection obtained from JdbcConnectionAccess [org.hibernate.engine.jdbc.env.internal.JdbcEnvironmentInitiator$ConnectionProviderJdbcConnectionAccess@514dc5f4] for (non-JTA) DDL execution was not in auto-commit mode; the Connection 'local transaction' will be committed and the Connection will be set into auto-commit mode.
2025-03-22 00:11:57,910 INFO [main] de log4j a logback
2025-03-22 00:11:58,347 INFO [main] HHH000204: Processing PersistenceUnitInfo [name: GestionCarteBancairePU]
2025-03-22 00:11:58,470 INFO [main] HHH000412: Hibernate ORM core version [WORKING]
2025-03-22 00:11:58,485 WARN [main] HHH90000021: Encountered deprecated setting [javax.persistence.jdbc.user], use [jakarta.persistence.jdbc.user] instead
2025-03-22 00:11:58,490 WARN [main] HHH90000021: Encountered deprecated setting [javax.persistence.jdbc.password], use [jakarta.persistence.jdbc.password] instead
2025-03-22 00:11:58,491 WARN [main] HHH90000021: Encountered deprecated setting [javax.persistence.jdbc.url], use [jakarta.persistence.jdbc.url] instead
2025-03-22 00:11:58,495 WARN [main] HHH90000021: Encountered deprecated setting [javax.persistence.jdbc.driver], use [jakarta.persistence.jdbc.driver] instead
2025-03-22 00:11:58,599 INFO [main] HHH000026: Second-level cache disabled
2025-03-22 00:11:59,147 WARN [main] HHH10001002: Using built-in connection pool (not intended for production use)
2025-03-22 00:12:00,531 WARN [main] HHH90000025: PostgreSQLDialect does not need to be specified explicitly using 'hibernate.dialect' (remove the property setting and it will be selected by default)
2025-03-22 00:12:00,610 INFO [main] HHH10001005: Database info:
	Database JDBC URL [jdbc:postgresql://localhost/GestionCarteBancaire]
	Database driver: org.postgresql.Driver
	Database version: 16.8
	Autocommit mode: false
	Isolation level: undefined/unknown
	Minimum pool size: 1
	Maximum pool size: 20
2025-03-22 00:12:04,328 INFO [main] HHH000489: No JTA platform available (set 'hibernate.transaction.jta.platform' to enable JTA platform integration)
2025-03-22 00:12:05,361 INFO [main] HHH10001501: Connection obtained from JdbcConnectionAccess [org.hibernate.engine.jdbc.env.internal.JdbcEnvironmentInitiator$ConnectionProviderJdbcConnectionAccess@514dc5f4] for (non-JTA) DDL execution was not in auto-commit mode; the Connection 'local transaction' will be committed and the Connection will be set into auto-commit mode.
2025-03-22 00:12:22,524 INFO [JavaFX Application Thread] le client avec pour login 
2025-03-22 00:12:22,527 ERROR [JavaFX Application Thread] ceci est la première connexion et le mot de passe ne correspond pas à celui qui vous a été envoyé
2025-03-22 00:12:26,152 ERROR [JavaFX Application Thread] erreur lors de la connexion car le client avec le login TextField[id=txt_username, styleClass=text-input text-field] n'a pas été trouvé
2025-03-22 00:15:08,047 INFO [main] de log4j a logback
2025-03-22 00:15:08,435 INFO [main] HHH000204: Processing PersistenceUnitInfo [name: GestionCarteBancairePU]
2025-03-22 00:15:08,586 INFO [main] HHH000412: Hibernate ORM core version [WORKING]
2025-03-22 00:15:08,603 WARN [main] HHH90000021: Encountered deprecated setting [javax.persistence.jdbc.user], use [jakarta.persistence.jdbc.user] instead
2025-03-22 00:15:08,611 WARN [main] HHH90000021: Encountered deprecated setting [javax.persistence.jdbc.password], use [jakarta.persistence.jdbc.password] instead
2025-03-22 00:15:08,612 WARN [main] HHH90000021: Encountered deprecated setting [javax.persistence.jdbc.url], use [jakarta.persistence.jdbc.url] instead
2025-03-22 00:15:08,617 WARN [main] HHH90000021: Encountered deprecated setting [javax.persistence.jdbc.driver], use [jakarta.persistence.jdbc.driver] instead
2025-03-22 00:15:08,728 INFO [main] HHH000026: Second-level cache disabled
2025-03-22 00:15:09,281 WARN [main] HHH10001002: Using built-in connection pool (not intended for production use)
2025-03-22 00:15:10,567 WARN [main] HHH90000025: PostgreSQLDialect does not need to be specified explicitly using 'hibernate.dialect' (remove the property setting and it will be selected by default)
2025-03-22 00:15:10,656 INFO [main] HHH10001005: Database info:
	Database JDBC URL [jdbc:postgresql://localhost/GestionCarteBancaire]
	Database driver: org.postgresql.Driver
	Database version: 16.8
	Autocommit mode: false
	Isolation level: undefined/unknown
	Minimum pool size: 1
	Maximum pool size: 20
2025-03-22 00:15:15,477 INFO [main] HHH000489: No JTA platform available (set 'hibernate.transaction.jta.platform' to enable JTA platform integration)
2025-03-22 00:15:16,510 INFO [main] HHH10001501: Connection obtained from JdbcConnectionAccess [org.hibernate.engine.jdbc.env.internal.JdbcEnvironmentInitiator$ConnectionProviderJdbcConnectionAccess@7a247711] for (non-JTA) DDL execution was not in auto-commit mode; the Connection 'local transaction' will be committed and the Connection will be set into auto-commit mode.
2025-03-22 00:15:30,840 INFO [JavaFX Application Thread] le client avec pour login 
2025-03-22 00:15:30,843 INFO [JavaFX Application Thread] le client avec le login  Rben c'est connecté pour la première fois 
2025-03-22 00:15:30,933 ERROR [JavaFX Application Thread] erreur lors du changement de statut première connexion du client  avec le login Rben
2025-03-22 00:15:36,631 ERROR [JavaFX Application Thread] erreur lors du changement de fenetre de login vers dashbordClient 
/home/mercielbeni/IdeaProjects/GesCarteBanque/target/classes/org/beni/gescartebanque/dashboardClient.fxml

2025-03-22 00:19:08,437 INFO [main] de log4j a logback
2025-03-22 00:19:08,528 INFO [main] HHH000204: Processing PersistenceUnitInfo [name: GestionCarteBancairePU]
2025-03-22 00:19:08,556 INFO [main] HHH000412: Hibernate ORM core version [WORKING]
2025-03-22 00:19:08,559 WARN [main] HHH90000021: Encountered deprecated setting [javax.persistence.jdbc.user], use [jakarta.persistence.jdbc.user] instead
2025-03-22 00:19:08,561 WARN [main] HHH90000021: Encountered deprecated setting [javax.persistence.jdbc.password], use [jakarta.persistence.jdbc.password] instead
2025-03-22 00:19:08,561 WARN [main] HHH90000021: Encountered deprecated setting [javax.persistence.jdbc.url], use [jakarta.persistence.jdbc.url] instead
2025-03-22 00:19:08,562 WARN [main] HHH90000021: Encountered deprecated setting [javax.persistence.jdbc.driver], use [jakarta.persistence.jdbc.driver] instead
2025-03-22 00:19:08,583 INFO [main] HHH000026: Second-level cache disabled
2025-03-22 00:19:08,723 WARN [main] HHH10001002: Using built-in connection pool (not intended for production use)
2025-03-22 00:19:09,039 WARN [main] HHH90000025: PostgreSQLDialect does not need to be specified explicitly using 'hibernate.dialect' (remove the property setting and it will be selected by default)
2025-03-22 00:19:09,057 INFO [main] HHH10001005: Database info:
	Database JDBC URL [jdbc:postgresql://localhost/GestionCarteBancaire]
	Database driver: org.postgresql.Driver
	Database version: 16.8
	Autocommit mode: false
	Isolation level: undefined/unknown
	Minimum pool size: 1
	Maximum pool size: 20
2025-03-22 00:19:10,088 INFO [main] HHH000489: No JTA platform available (set 'hibernate.transaction.jta.platform' to enable JTA platform integration)
2025-03-22 00:19:10,420 INFO [main] HHH10001501: Connection obtained from JdbcConnectionAccess [org.hibernate.engine.jdbc.env.internal.JdbcEnvironmentInitiator$ConnectionProviderJdbcConnectionAccess@514dc5f4] for (non-JTA) DDL execution was not in auto-commit mode; the Connection 'local transaction' will be committed and the Connection will be set into auto-commit mode.
2025-03-22 00:19:21,782 INFO [JavaFX Application Thread] le client avec pour login 
2025-03-22 00:19:21,782 INFO [JavaFX Application Thread] le client est bien authentifié
2025-03-22 00:19:24,459 ERROR [JavaFX Application Thread] erreur lors du changement de fenetre de login vers dashbordClient 
/home/mercielbeni/IdeaProjects/GesCarteBanque/target/classes/org/beni/gescartebanque/dashboardClient.fxml

2025-03-22 00:24:48,909 INFO [main] de log4j a logback
2025-03-22 00:24:49,015 INFO [main] HHH000204: Processing PersistenceUnitInfo [name: GestionCarteBancairePU]
2025-03-22 00:24:49,052 INFO [main] HHH000412: Hibernate ORM core version [WORKING]
2025-03-22 00:24:49,055 WARN [main] HHH90000021: Encountered deprecated setting [javax.persistence.jdbc.user], use [jakarta.persistence.jdbc.user] instead
2025-03-22 00:24:49,057 WARN [main] HHH90000021: Encountered deprecated setting [javax.persistence.jdbc.password], use [jakarta.persistence.jdbc.password] instead
2025-03-22 00:24:49,057 WARN [main] HHH90000021: Encountered deprecated setting [javax.persistence.jdbc.url], use [jakarta.persistence.jdbc.url] instead
2025-03-22 00:24:49,058 WARN [main] HHH90000021: Encountered deprecated setting [javax.persistence.jdbc.driver], use [jakarta.persistence.jdbc.driver] instead
2025-03-22 00:24:49,082 INFO [main] HHH000026: Second-level cache disabled
2025-03-22 00:24:49,257 WARN [main] HHH10001002: Using built-in connection pool (not intended for production use)
2025-03-22 00:24:49,547 WARN [main] HHH90000025: PostgreSQLDialect does not need to be specified explicitly using 'hibernate.dialect' (remove the property setting and it will be selected by default)
2025-03-22 00:24:49,563 INFO [main] HHH10001005: Database info:
	Database JDBC URL [jdbc:postgresql://localhost/GestionCarteBancaire]
	Database driver: org.postgresql.Driver
	Database version: 16.8
	Autocommit mode: false
	Isolation level: undefined/unknown
	Minimum pool size: 1
	Maximum pool size: 20
2025-03-22 00:24:50,555 INFO [main] HHH000489: No JTA platform available (set 'hibernate.transaction.jta.platform' to enable JTA platform integration)
2025-03-22 00:24:50,798 INFO [main] HHH10001501: Connection obtained from JdbcConnectionAccess [org.hibernate.engine.jdbc.env.internal.JdbcEnvironmentInitiator$ConnectionProviderJdbcConnectionAccess@633a11eb] for (non-JTA) DDL execution was not in auto-commit mode; the Connection 'local transaction' will be committed and the Connection will be set into auto-commit mode.
2025-03-22 00:25:01,621 INFO [JavaFX Application Thread] le client avec pour login 
2025-03-22 00:25:01,621 INFO [JavaFX Application Thread] le client est bien authentifié
2025-03-22 00:25:03,255 ERROR [JavaFX Application Thread] erreur lors du changement de fenetre de login vers dashbordClient 
/home/mercielbeni/IdeaProjects/GesCarteBanque/target/classes/org/beni/gescartebanque/dashboardClient.fxml

2025-03-22 00:28:04,469 INFO [main] de log4j a logback
2025-03-22 00:28:04,563 INFO [main] HHH000204: Processing PersistenceUnitInfo [name: GestionCarteBancairePU]
2025-03-22 00:28:04,591 INFO [main] HHH000412: Hibernate ORM core version [WORKING]
2025-03-22 00:28:04,595 WARN [main] HHH90000021: Encountered deprecated setting [javax.persistence.jdbc.user], use [jakarta.persistence.jdbc.user] instead
2025-03-22 00:28:04,596 WARN [main] HHH90000021: Encountered deprecated setting [javax.persistence.jdbc.password], use [jakarta.persistence.jdbc.password] instead
2025-03-22 00:28:04,596 WARN [main] HHH90000021: Encountered deprecated setting [javax.persistence.jdbc.url], use [jakarta.persistence.jdbc.url] instead
2025-03-22 00:28:04,596 WARN [main] HHH90000021: Encountered deprecated setting [javax.persistence.jdbc.driver], use [jakarta.persistence.jdbc.driver] instead
2025-03-22 00:28:04,615 INFO [main] HHH000026: Second-level cache disabled
2025-03-22 00:28:04,774 WARN [main] HHH10001002: Using built-in connection pool (not intended for production use)
2025-03-22 00:28:05,054 WARN [main] HHH90000025: PostgreSQLDialect does not need to be specified explicitly using 'hibernate.dialect' (remove the property setting and it will be selected by default)
2025-03-22 00:28:05,071 INFO [main] HHH10001005: Database info:
	Database JDBC URL [jdbc:postgresql://localhost/GestionCarteBancaire]
	Database driver: org.postgresql.Driver
	Database version: 16.8
	Autocommit mode: false
	Isolation level: undefined/unknown
	Minimum pool size: 1
	Maximum pool size: 20
2025-03-22 00:28:06,074 INFO [main] HHH000489: No JTA platform available (set 'hibernate.transaction.jta.platform' to enable JTA platform integration)
2025-03-22 00:28:06,362 INFO [main] HHH10001501: Connection obtained from JdbcConnectionAccess [org.hibernate.engine.jdbc.env.internal.JdbcEnvironmentInitiator$ConnectionProviderJdbcConnectionAccess@514dc5f4] for (non-JTA) DDL execution was not in auto-commit mode; the Connection 'local transaction' will be committed and the Connection will be set into auto-commit mode.
2025-03-22 00:28:16,730 INFO [JavaFX Application Thread] le client avec pour login 
2025-03-22 00:28:16,731 INFO [JavaFX Application Thread] le client est bien authentifié
2025-03-22 00:29:50,212 INFO [main] de log4j a logback
2025-03-22 00:29:50,303 INFO [main] HHH000204: Processing PersistenceUnitInfo [name: GestionCarteBancairePU]
2025-03-22 00:29:50,335 INFO [main] HHH000412: Hibernate ORM core version [WORKING]
2025-03-22 00:29:50,338 WARN [main] HHH90000021: Encountered deprecated setting [javax.persistence.jdbc.user], use [jakarta.persistence.jdbc.user] instead
2025-03-22 00:29:50,339 WARN [main] HHH90000021: Encountered deprecated setting [javax.persistence.jdbc.password], use [jakarta.persistence.jdbc.password] instead
2025-03-22 00:29:50,340 WARN [main] HHH90000021: Encountered deprecated setting [javax.persistence.jdbc.url], use [jakarta.persistence.jdbc.url] instead
2025-03-22 00:29:50,341 WARN [main] HHH90000021: Encountered deprecated setting [javax.persistence.jdbc.driver], use [jakarta.persistence.jdbc.driver] instead
2025-03-22 00:29:50,360 INFO [main] HHH000026: Second-level cache disabled
2025-03-22 00:29:50,520 WARN [main] HHH10001002: Using built-in connection pool (not intended for production use)
2025-03-22 00:29:50,817 WARN [main] HHH90000025: PostgreSQLDialect does not need to be specified explicitly using 'hibernate.dialect' (remove the property setting and it will be selected by default)
2025-03-22 00:29:50,837 INFO [main] HHH10001005: Database info:
	Database JDBC URL [jdbc:postgresql://localhost/GestionCarteBancaire]
	Database driver: org.postgresql.Driver
	Database version: 16.8
	Autocommit mode: false
	Isolation level: undefined/unknown
	Minimum pool size: 1
	Maximum pool size: 20
2025-03-22 00:29:51,822 INFO [main] HHH000489: No JTA platform available (set 'hibernate.transaction.jta.platform' to enable JTA platform integration)
2025-03-22 00:29:52,116 INFO [main] HHH10001501: Connection obtained from JdbcConnectionAccess [org.hibernate.engine.jdbc.env.internal.JdbcEnvironmentInitiator$ConnectionProviderJdbcConnectionAccess@633a11eb] for (non-JTA) DDL execution was not in auto-commit mode; the Connection 'local transaction' will be committed and the Connection will be set into auto-commit mode.
2025-03-22 00:30:02,434 INFO [JavaFX Application Thread] le client avec pour login 
2025-03-22 00:30:02,435 INFO [JavaFX Application Thread] le client est bien authentifié
2025-03-22 00:30:04,078 ERROR [JavaFX Application Thread] erreur lors du changement de fenetre de login vers dashbordClient 
/home/mercielbeni/IdeaProjects/GesCarteBanque/target/classes/org/beni/gescartebanque/dashboardClient.fxml

2025-03-22 00:33:21,525 INFO [main] de log4j a logback
2025-03-22 00:33:21,617 INFO [main] HHH000204: Processing PersistenceUnitInfo [name: GestionCarteBancairePU]
2025-03-22 00:33:21,646 INFO [main] HHH000412: Hibernate ORM core version [WORKING]
2025-03-22 00:33:21,651 WARN [main] HHH90000021: Encountered deprecated setting [javax.persistence.jdbc.user], use [jakarta.persistence.jdbc.user] instead
2025-03-22 00:33:21,653 WARN [main] HHH90000021: Encountered deprecated setting [javax.persistence.jdbc.password], use [jakarta.persistence.jdbc.password] instead
2025-03-22 00:33:21,653 WARN [main] HHH90000021: Encountered deprecated setting [javax.persistence.jdbc.url], use [jakarta.persistence.jdbc.url] instead
2025-03-22 00:33:21,654 WARN [main] HHH90000021: Encountered deprecated setting [javax.persistence.jdbc.driver], use [jakarta.persistence.jdbc.driver] instead
2025-03-22 00:33:21,676 INFO [main] HHH000026: Second-level cache disabled
2025-03-22 00:33:21,830 WARN [main] HHH10001002: Using built-in connection pool (not intended for production use)
2025-03-22 00:33:22,168 WARN [main] HHH90000025: PostgreSQLDialect does not need to be specified explicitly using 'hibernate.dialect' (remove the property setting and it will be selected by default)
2025-03-22 00:33:22,185 INFO [main] HHH10001005: Database info:
	Database JDBC URL [jdbc:postgresql://localhost/GestionCarteBancaire]
	Database driver: org.postgresql.Driver
	Database version: 16.8
	Autocommit mode: false
	Isolation level: undefined/unknown
	Minimum pool size: 1
	Maximum pool size: 20
2025-03-22 00:33:23,157 INFO [main] HHH000489: No JTA platform available (set 'hibernate.transaction.jta.platform' to enable JTA platform integration)
2025-03-22 00:33:23,536 INFO [main] HHH10001501: Connection obtained from JdbcConnectionAccess [org.hibernate.engine.jdbc.env.internal.JdbcEnvironmentInitiator$ConnectionProviderJdbcConnectionAccess@633a11eb] for (non-JTA) DDL execution was not in auto-commit mode; the Connection 'local transaction' will be committed and the Connection will be set into auto-commit mode.
2025-03-22 00:33:35,251 INFO [JavaFX Application Thread] le client avec pour login 
2025-03-22 00:33:35,251 INFO [JavaFX Application Thread] le client est bien authentifié
2025-03-22 00:38:28,391 INFO [main] de log4j a logback
2025-03-22 00:38:28,491 INFO [main] HHH000204: Processing PersistenceUnitInfo [name: GestionCarteBancairePU]
2025-03-22 00:38:28,519 INFO [main] HHH000412: Hibernate ORM core version [WORKING]
2025-03-22 00:38:28,522 WARN [main] HHH90000021: Encountered deprecated setting [javax.persistence.jdbc.user], use [jakarta.persistence.jdbc.user] instead
2025-03-22 00:38:28,523 WARN [main] HHH90000021: Encountered deprecated setting [javax.persistence.jdbc.password], use [jakarta.persistence.jdbc.password] instead
2025-03-22 00:38:28,523 WARN [main] HHH90000021: Encountered deprecated setting [javax.persistence.jdbc.url], use [jakarta.persistence.jdbc.url] instead
2025-03-22 00:38:28,524 WARN [main] HHH90000021: Encountered deprecated setting [javax.persistence.jdbc.driver], use [jakarta.persistence.jdbc.driver] instead
2025-03-22 00:38:28,544 INFO [main] HHH000026: Second-level cache disabled
2025-03-22 00:38:28,682 WARN [main] HHH10001002: Using built-in connection pool (not intended for production use)
2025-03-22 00:38:28,966 WARN [main] HHH90000025: PostgreSQLDialect does not need to be specified explicitly using 'hibernate.dialect' (remove the property setting and it will be selected by default)
2025-03-22 00:38:28,985 INFO [main] HHH10001005: Database info:
	Database JDBC URL [jdbc:postgresql://localhost/GestionCarteBancaire]
	Database driver: org.postgresql.Driver
	Database version: 16.8
	Autocommit mode: false
	Isolation level: undefined/unknown
	Minimum pool size: 1
	Maximum pool size: 20
2025-03-22 00:38:29,998 INFO [main] HHH000489: No JTA platform available (set 'hibernate.transaction.jta.platform' to enable JTA platform integration)
2025-03-22 00:38:30,260 INFO [main] HHH10001501: Connection obtained from JdbcConnectionAccess [org.hibernate.engine.jdbc.env.internal.JdbcEnvironmentInitiator$ConnectionProviderJdbcConnectionAccess@4910afdf] for (non-JTA) DDL execution was not in auto-commit mode; the Connection 'local transaction' will be committed and the Connection will be set into auto-commit mode.
2025-03-22 00:38:39,789 INFO [JavaFX Application Thread] le client avec pour login 
2025-03-22 00:38:39,790 INFO [JavaFX Application Thread] le client est bien authentifié
2025-03-22 00:49:36,211 INFO [main] de log4j a logback
2025-03-22 00:49:36,315 INFO [main] HHH000204: Processing PersistenceUnitInfo [name: GestionCarteBancairePU]
2025-03-22 00:49:36,344 INFO [main] HHH000412: Hibernate ORM core version [WORKING]
2025-03-22 00:49:36,349 WARN [main] HHH90000021: Encountered deprecated setting [javax.persistence.jdbc.user], use [jakarta.persistence.jdbc.user] instead
2025-03-22 00:49:36,351 WARN [main] HHH90000021: Encountered deprecated setting [javax.persistence.jdbc.password], use [jakarta.persistence.jdbc.password] instead
2025-03-22 00:49:36,352 WARN [main] HHH90000021: Encountered deprecated setting [javax.persistence.jdbc.url], use [jakarta.persistence.jdbc.url] instead
2025-03-22 00:49:36,353 WARN [main] HHH90000021: Encountered deprecated setting [javax.persistence.jdbc.driver], use [jakarta.persistence.jdbc.driver] instead
2025-03-22 00:49:36,381 INFO [main] HHH000026: Second-level cache disabled
2025-03-22 00:49:36,569 WARN [main] HHH10001002: Using built-in connection pool (not intended for production use)
2025-03-22 00:49:36,863 WARN [main] HHH90000025: PostgreSQLDialect does not need to be specified explicitly using 'hibernate.dialect' (remove the property setting and it will be selected by default)
2025-03-22 00:49:36,884 INFO [main] HHH10001005: Database info:
	Database JDBC URL [jdbc:postgresql://localhost/GestionCarteBancaire]
	Database driver: org.postgresql.Driver
	Database version: 16.8
	Autocommit mode: false
	Isolation level: undefined/unknown
	Minimum pool size: 1
	Maximum pool size: 20
2025-03-22 00:49:37,877 INFO [main] HHH000489: No JTA platform available (set 'hibernate.transaction.jta.platform' to enable JTA platform integration)
2025-03-22 00:49:38,171 INFO [main] HHH10001501: Connection obtained from JdbcConnectionAccess [org.hibernate.engine.jdbc.env.internal.JdbcEnvironmentInitiator$ConnectionProviderJdbcConnectionAccess@50ac1249] for (non-JTA) DDL execution was not in auto-commit mode; the Connection 'local transaction' will be committed and the Connection will be set into auto-commit mode.
2025-03-22 00:49:47,939 INFO [JavaFX Application Thread] le client avec pour login 
2025-03-22 00:49:47,940 INFO [JavaFX Application Thread] le client est bien authentifié
2025-03-22 00:54:36,392 INFO [main] de log4j a logback
2025-03-22 00:54:36,506 INFO [main] HHH000204: Processing PersistenceUnitInfo [name: GestionCarteBancairePU]
2025-03-22 00:54:36,548 INFO [main] HHH000412: Hibernate ORM core version [WORKING]
2025-03-22 00:54:36,552 WARN [main] HHH90000021: Encountered deprecated setting [javax.persistence.jdbc.user], use [jakarta.persistence.jdbc.user] instead
2025-03-22 00:54:36,554 WARN [main] HHH90000021: Encountered deprecated setting [javax.persistence.jdbc.password], use [jakarta.persistence.jdbc.password] instead
2025-03-22 00:54:36,554 WARN [main] HHH90000021: Encountered deprecated setting [javax.persistence.jdbc.url], use [jakarta.persistence.jdbc.url] instead
2025-03-22 00:54:36,555 WARN [main] HHH90000021: Encountered deprecated setting [javax.persistence.jdbc.driver], use [jakarta.persistence.jdbc.driver] instead
2025-03-22 00:54:36,576 INFO [main] HHH000026: Second-level cache disabled
2025-03-22 00:54:36,734 WARN [main] HHH10001002: Using built-in connection pool (not intended for production use)
2025-03-22 00:54:37,053 WARN [main] HHH90000025: PostgreSQLDialect does not need to be specified explicitly using 'hibernate.dialect' (remove the property setting and it will be selected by default)
2025-03-22 00:54:37,073 INFO [main] HHH10001005: Database info:
	Database JDBC URL [jdbc:postgresql://localhost/GestionCarteBancaire]
	Database driver: org.postgresql.Driver
	Database version: 16.8
	Autocommit mode: false
	Isolation level: undefined/unknown
	Minimum pool size: 1
	Maximum pool size: 20
2025-03-22 00:54:38,111 INFO [main] HHH000489: No JTA platform available (set 'hibernate.transaction.jta.platform' to enable JTA platform integration)
2025-03-22 00:54:38,350 INFO [main] HHH10001501: Connection obtained from JdbcConnectionAccess [org.hibernate.engine.jdbc.env.internal.JdbcEnvironmentInitiator$ConnectionProviderJdbcConnectionAccess@45cb5307] for (non-JTA) DDL execution was not in auto-commit mode; the Connection 'local transaction' will be committed and the Connection will be set into auto-commit mode.
2025-03-22 00:54:49,035 INFO [JavaFX Application Thread] le client avec pour login 
2025-03-22 00:54:49,035 INFO [JavaFX Application Thread] le client est bien authentifié
2025-03-22 01:02:53,126 INFO [main] de log4j a logback
2025-03-22 01:02:53,219 INFO [main] HHH000204: Processing PersistenceUnitInfo [name: GestionCarteBancairePU]
2025-03-22 01:02:53,250 INFO [main] HHH000412: Hibernate ORM core version [WORKING]
2025-03-22 01:02:53,253 WARN [main] HHH90000021: Encountered deprecated setting [javax.persistence.jdbc.user], use [jakarta.persistence.jdbc.user] instead
2025-03-22 01:02:53,254 WARN [main] HHH90000021: Encountered deprecated setting [javax.persistence.jdbc.password], use [jakarta.persistence.jdbc.password] instead
2025-03-22 01:02:53,255 WARN [main] HHH90000021: Encountered deprecated setting [javax.persistence.jdbc.url], use [jakarta.persistence.jdbc.url] instead
2025-03-22 01:02:53,256 WARN [main] HHH90000021: Encountered deprecated setting [javax.persistence.jdbc.driver], use [jakarta.persistence.jdbc.driver] instead
2025-03-22 01:02:53,278 INFO [main] HHH000026: Second-level cache disabled
2025-03-22 01:02:53,445 WARN [main] HHH10001002: Using built-in connection pool (not intended for production use)
2025-03-22 01:02:53,783 WARN [main] HHH90000025: PostgreSQLDialect does not need to be specified explicitly using 'hibernate.dialect' (remove the property setting and it will be selected by default)
2025-03-22 01:02:53,799 INFO [main] HHH10001005: Database info:
	Database JDBC URL [jdbc:postgresql://localhost/GestionCarteBancaire]
	Database driver: org.postgresql.Driver
	Database version: 16.8
	Autocommit mode: false
	Isolation level: undefined/unknown
	Minimum pool size: 1
	Maximum pool size: 20
2025-03-22 01:02:54,807 INFO [main] HHH000489: No JTA platform available (set 'hibernate.transaction.jta.platform' to enable JTA platform integration)
2025-03-22 01:02:55,100 INFO [main] HHH10001501: Connection obtained from JdbcConnectionAccess [org.hibernate.engine.jdbc.env.internal.JdbcEnvironmentInitiator$ConnectionProviderJdbcConnectionAccess@45cb5307] for (non-JTA) DDL execution was not in auto-commit mode; the Connection 'local transaction' will be committed and the Connection will be set into auto-commit mode.
2025-03-22 01:03:07,696 INFO [JavaFX Application Thread] le client avec pour login 
2025-03-22 01:03:07,697 INFO [JavaFX Application Thread] le client est bien authentifié
2025-03-22 01:05:30,400 INFO [main] de log4j a logback
2025-03-22 01:05:30,499 INFO [main] HHH000204: Processing PersistenceUnitInfo [name: GestionCarteBancairePU]
2025-03-22 01:05:30,527 INFO [main] HHH000412: Hibernate ORM core version [WORKING]
2025-03-22 01:05:30,531 WARN [main] HHH90000021: Encountered deprecated setting [javax.persistence.jdbc.user], use [jakarta.persistence.jdbc.user] instead
2025-03-22 01:05:30,532 WARN [main] HHH90000021: Encountered deprecated setting [javax.persistence.jdbc.password], use [jakarta.persistence.jdbc.password] instead
2025-03-22 01:05:30,532 WARN [main] HHH90000021: Encountered deprecated setting [javax.persistence.jdbc.url], use [jakarta.persistence.jdbc.url] instead
2025-03-22 01:05:30,533 WARN [main] HHH90000021: Encountered deprecated setting [javax.persistence.jdbc.driver], use [jakarta.persistence.jdbc.driver] instead
2025-03-22 01:05:30,560 INFO [main] HHH000026: Second-level cache disabled
2025-03-22 01:05:30,694 WARN [main] HHH10001002: Using built-in connection pool (not intended for production use)
2025-03-22 01:05:30,967 WARN [main] HHH90000025: PostgreSQLDialect does not need to be specified explicitly using 'hibernate.dialect' (remove the property setting and it will be selected by default)
2025-03-22 01:05:30,987 INFO [main] HHH10001005: Database info:
	Database JDBC URL [jdbc:postgresql://localhost/GestionCarteBancaire]
	Database driver: org.postgresql.Driver
	Database version: 16.8
	Autocommit mode: false
	Isolation level: undefined/unknown
	Minimum pool size: 1
	Maximum pool size: 20
2025-03-22 01:05:32,038 INFO [main] HHH000489: No JTA platform available (set 'hibernate.transaction.jta.platform' to enable JTA platform integration)
2025-03-22 01:05:32,292 INFO [main] HHH10001501: Connection obtained from JdbcConnectionAccess [org.hibernate.engine.jdbc.env.internal.JdbcEnvironmentInitiator$ConnectionProviderJdbcConnectionAccess@45cb5307] for (non-JTA) DDL execution was not in auto-commit mode; the Connection 'local transaction' will be committed and the Connection will be set into auto-commit mode.
2025-03-22 01:05:42,766 INFO [JavaFX Application Thread] le client avec pour login 
2025-03-22 01:05:42,767 INFO [JavaFX Application Thread] le client est bien authentifié
2025-03-22 01:08:46,028 INFO [main] de log4j a logback
2025-03-22 01:08:46,114 INFO [main] HHH000204: Processing PersistenceUnitInfo [name: GestionCarteBancairePU]
2025-03-22 01:08:46,143 INFO [main] HHH000412: Hibernate ORM core version [WORKING]
2025-03-22 01:08:46,146 WARN [main] HHH90000021: Encountered deprecated setting [javax.persistence.jdbc.user], use [jakarta.persistence.jdbc.user] instead
2025-03-22 01:08:46,147 WARN [main] HHH90000021: Encountered deprecated setting [javax.persistence.jdbc.password], use [jakarta.persistence.jdbc.password] instead
2025-03-22 01:08:46,147 WARN [main] HHH90000021: Encountered deprecated setting [javax.persistence.jdbc.url], use [jakarta.persistence.jdbc.url] instead
2025-03-22 01:08:46,148 WARN [main] HHH90000021: Encountered deprecated setting [javax.persistence.jdbc.driver], use [jakarta.persistence.jdbc.driver] instead
2025-03-22 01:08:46,167 INFO [main] HHH000026: Second-level cache disabled
2025-03-22 01:08:46,322 WARN [main] HHH10001002: Using built-in connection pool (not intended for production use)
2025-03-22 01:08:46,634 WARN [main] HHH90000025: PostgreSQLDialect does not need to be specified explicitly using 'hibernate.dialect' (remove the property setting and it will be selected by default)
2025-03-22 01:08:46,652 INFO [main] HHH10001005: Database info:
	Database JDBC URL [jdbc:postgresql://localhost/GestionCarteBancaire]
	Database driver: org.postgresql.Driver
	Database version: 16.8
	Autocommit mode: false
	Isolation level: undefined/unknown
	Minimum pool size: 1
	Maximum pool size: 20
2025-03-22 01:08:47,756 INFO [main] HHH000489: No JTA platform available (set 'hibernate.transaction.jta.platform' to enable JTA platform integration)
2025-03-22 01:08:48,021 INFO [main] HHH10001501: Connection obtained from JdbcConnectionAccess [org.hibernate.engine.jdbc.env.internal.JdbcEnvironmentInitiator$ConnectionProviderJdbcConnectionAccess@45cb5307] for (non-JTA) DDL execution was not in auto-commit mode; the Connection 'local transaction' will be committed and the Connection will be set into auto-commit mode.
2025-03-22 01:09:03,188 INFO [JavaFX Application Thread] le client avec pour login 
2025-03-22 01:09:03,188 INFO [JavaFX Application Thread] le client est bien authentifié
2025-03-22 01:33:04,016 INFO [main] de log4j a logback
2025-03-22 01:33:04,112 INFO [main] HHH000204: Processing PersistenceUnitInfo [name: GestionCarteBancairePU]
2025-03-22 01:33:04,142 INFO [main] HHH000412: Hibernate ORM core version [WORKING]
2025-03-22 01:33:04,146 WARN [main] HHH90000021: Encountered deprecated setting [javax.persistence.jdbc.user], use [jakarta.persistence.jdbc.user] instead
2025-03-22 01:33:04,147 WARN [main] HHH90000021: Encountered deprecated setting [javax.persistence.jdbc.password], use [jakarta.persistence.jdbc.password] instead
2025-03-22 01:33:04,147 WARN [main] HHH90000021: Encountered deprecated setting [javax.persistence.jdbc.url], use [jakarta.persistence.jdbc.url] instead
2025-03-22 01:33:04,148 WARN [main] HHH90000021: Encountered deprecated setting [javax.persistence.jdbc.driver], use [jakarta.persistence.jdbc.driver] instead
2025-03-22 01:33:04,170 INFO [main] HHH000026: Second-level cache disabled
2025-03-22 01:33:04,322 WARN [main] HHH10001002: Using built-in connection pool (not intended for production use)
2025-03-22 01:33:04,614 WARN [main] HHH90000025: PostgreSQLDialect does not need to be specified explicitly using 'hibernate.dialect' (remove the property setting and it will be selected by default)
2025-03-22 01:33:04,632 INFO [main] HHH10001005: Database info:
	Database JDBC URL [jdbc:postgresql://localhost/GestionCarteBancaire]
	Database driver: org.postgresql.Driver
	Database version: 16.8
	Autocommit mode: false
	Isolation level: undefined/unknown
	Minimum pool size: 1
	Maximum pool size: 20
2025-03-22 01:33:05,716 INFO [main] HHH000489: No JTA platform available (set 'hibernate.transaction.jta.platform' to enable JTA platform integration)
2025-03-22 01:33:05,974 INFO [main] HHH10001501: Connection obtained from JdbcConnectionAccess [org.hibernate.engine.jdbc.env.internal.JdbcEnvironmentInitiator$ConnectionProviderJdbcConnectionAccess@4dad2363] for (non-JTA) DDL execution was not in auto-commit mode; the Connection 'local transaction' will be committed and the Connection will be set into auto-commit mode.
2025-03-22 01:45:04,790 INFO [main] de log4j a logback
2025-03-22 01:45:04,894 INFO [main] HHH000204: Processing PersistenceUnitInfo [name: GestionCarteBancairePU]
2025-03-22 01:45:04,924 INFO [main] HHH000412: Hibernate ORM core version [WORKING]
2025-03-22 01:45:04,927 WARN [main] HHH90000021: Encountered deprecated setting [javax.persistence.jdbc.user], use [jakarta.persistence.jdbc.user] instead
2025-03-22 01:45:04,929 WARN [main] HHH90000021: Encountered deprecated setting [javax.persistence.jdbc.password], use [jakarta.persistence.jdbc.password] instead
2025-03-22 01:45:04,929 WARN [main] HHH90000021: Encountered deprecated setting [javax.persistence.jdbc.url], use [jakarta.persistence.jdbc.url] instead
2025-03-22 01:45:04,930 WARN [main] HHH90000021: Encountered deprecated setting [javax.persistence.jdbc.driver], use [jakarta.persistence.jdbc.driver] instead
2025-03-22 01:45:04,951 INFO [main] HHH000026: Second-level cache disabled
2025-03-22 01:45:05,099 WARN [main] HHH10001002: Using built-in connection pool (not intended for production use)
2025-03-22 01:45:05,443 WARN [main] HHH90000025: PostgreSQLDialect does not need to be specified explicitly using 'hibernate.dialect' (remove the property setting and it will be selected by default)
2025-03-22 01:45:05,461 INFO [main] HHH10001005: Database info:
	Database JDBC URL [jdbc:postgresql://localhost/GestionCarteBancaire]
	Database driver: org.postgresql.Driver
	Database version: 16.8
	Autocommit mode: false
	Isolation level: undefined/unknown
	Minimum pool size: 1
	Maximum pool size: 20
2025-03-22 01:45:06,564 INFO [main] HHH000489: No JTA platform available (set 'hibernate.transaction.jta.platform' to enable JTA platform integration)
2025-03-22 01:45:06,808 INFO [main] HHH10001501: Connection obtained from JdbcConnectionAccess [org.hibernate.engine.jdbc.env.internal.JdbcEnvironmentInitiator$ConnectionProviderJdbcConnectionAccess@69d021c1] for (non-JTA) DDL execution was not in auto-commit mode; the Connection 'local transaction' will be committed and the Connection will be set into auto-commit mode.
2025-03-22 01:55:46,071 INFO [main] de log4j a logback
2025-03-22 01:55:46,154 INFO [main] HHH000204: Processing PersistenceUnitInfo [name: GestionCarteBancairePU]
2025-03-22 01:55:46,181 INFO [main] HHH000412: Hibernate ORM core version [WORKING]
2025-03-22 01:55:46,184 WARN [main] HHH90000021: Encountered deprecated setting [javax.persistence.jdbc.user], use [jakarta.persistence.jdbc.user] instead
2025-03-22 01:55:46,185 WARN [main] HHH90000021: Encountered deprecated setting [javax.persistence.jdbc.password], use [jakarta.persistence.jdbc.password] instead
2025-03-22 01:55:46,185 WARN [main] HHH90000021: Encountered deprecated setting [javax.persistence.jdbc.url], use [jakarta.persistence.jdbc.url] instead
2025-03-22 01:55:46,186 WARN [main] HHH90000021: Encountered deprecated setting [javax.persistence.jdbc.driver], use [jakarta.persistence.jdbc.driver] instead
2025-03-22 01:55:46,212 INFO [main] HHH000026: Second-level cache disabled
2025-03-22 01:55:46,384 WARN [main] HHH10001002: Using built-in connection pool (not intended for production use)
2025-03-22 01:55:46,703 WARN [main] HHH90000025: PostgreSQLDialect does not need to be specified explicitly using 'hibernate.dialect' (remove the property setting and it will be selected by default)
2025-03-22 01:55:46,725 INFO [main] HHH10001005: Database info:
	Database JDBC URL [jdbc:postgresql://localhost/GestionCarteBancaire]
	Database driver: org.postgresql.Driver
	Database version: 16.8
	Autocommit mode: false
	Isolation level: undefined/unknown
	Minimum pool size: 1
	Maximum pool size: 20
2025-03-22 01:55:47,667 INFO [main] HHH000489: No JTA platform available (set 'hibernate.transaction.jta.platform' to enable JTA platform integration)
2025-03-22 01:55:47,937 INFO [main] HHH10001501: Connection obtained from JdbcConnectionAccess [org.hibernate.engine.jdbc.env.internal.JdbcEnvironmentInitiator$ConnectionProviderJdbcConnectionAccess@106802ea] for (non-JTA) DDL execution was not in auto-commit mode; the Connection 'local transaction' will be committed and the Connection will be set into auto-commit mode.
2025-03-22 01:55:59,401 INFO [JavaFX Application Thread] le client avec pour login 
2025-03-22 01:55:59,402 INFO [JavaFX Application Thread] le client est bien authentifié
2025-03-22 01:57:42,939 INFO [main] de log4j a logback
2025-03-22 01:57:43,035 INFO [main] HHH000204: Processing PersistenceUnitInfo [name: GestionCarteBancairePU]
2025-03-22 01:57:43,062 INFO [main] HHH000412: Hibernate ORM core version [WORKING]
2025-03-22 01:57:43,065 WARN [main] HHH90000021: Encountered deprecated setting [javax.persistence.jdbc.user], use [jakarta.persistence.jdbc.user] instead
2025-03-22 01:57:43,066 WARN [main] HHH90000021: Encountered deprecated setting [javax.persistence.jdbc.password], use [jakarta.persistence.jdbc.password] instead
2025-03-22 01:57:43,066 WARN [main] HHH90000021: Encountered deprecated setting [javax.persistence.jdbc.url], use [jakarta.persistence.jdbc.url] instead
2025-03-22 01:57:43,067 WARN [main] HHH90000021: Encountered deprecated setting [javax.persistence.jdbc.driver], use [jakarta.persistence.jdbc.driver] instead
2025-03-22 01:57:43,085 INFO [main] HHH000026: Second-level cache disabled
2025-03-22 01:57:43,224 WARN [main] HHH10001002: Using built-in connection pool (not intended for production use)
2025-03-22 01:57:43,498 WARN [main] HHH90000025: PostgreSQLDialect does not need to be specified explicitly using 'hibernate.dialect' (remove the property setting and it will be selected by default)
2025-03-22 01:57:43,515 INFO [main] HHH10001005: Database info:
	Database JDBC URL [jdbc:postgresql://localhost/GestionCarteBancaire]
	Database driver: org.postgresql.Driver
	Database version: 16.8
	Autocommit mode: false
	Isolation level: undefined/unknown
	Minimum pool size: 1
	Maximum pool size: 20
2025-03-22 01:57:44,472 INFO [main] HHH000489: No JTA platform available (set 'hibernate.transaction.jta.platform' to enable JTA platform integration)
2025-03-22 01:57:44,751 INFO [main] HHH10001501: Connection obtained from JdbcConnectionAccess [org.hibernate.engine.jdbc.env.internal.JdbcEnvironmentInitiator$ConnectionProviderJdbcConnectionAccess@731ab49b] for (non-JTA) DDL execution was not in auto-commit mode; the Connection 'local transaction' will be committed and the Connection will be set into auto-commit mode.
2025-03-22 01:58:08,187 INFO [JavaFX Application Thread] le client avec pour login 
2025-03-22 01:58:08,187 INFO [JavaFX Application Thread] le client est bien authentifié
2025-03-22 01:58:50,925 INFO [JavaFX Application Thread] creation de la carte bancaire pour le client 2 a bien été creer 
